<?xml version="1.0" encoding="UTF-8"?>
<!-- Generated by org.testng.reporters.JUnitReportReporter -->
<testsuite hostname="elt-73.estblr.com" name="com.appium.model.EndExecution" tests="1" failures="0" timestamp="4 Jan 2018 14:06:42 GMT" time="0.000" errors="0">
  <testcase name="endTime" time="0.000" classname="com.appium.model.EndExecution"/>
</testsuite> <!-- com.appium.model.EndExecution -->
